# JRE version: Java(TM) SE Runtime Environment (8.0_101-b13) (build 1.8.0_101-b13)
# Java VM: Java HotSpot(TM) 64-Bit Server VM (25.101-b13 mixed mode bsd-amd64 compressed oops)
Heap:
 PSYoungGen      total 36864K, used 5517K [0x0000000795580000, 0x0000000799780000, 0x00000007c0000000)
  eden space 32768K, 4% used [0x0000000795580000,0x00000007956f1fc0,0x0000000797580000)
  from space 4096K, 98% used [0x0000000799180000,0x0000000799571828,0x0000000799580000)
  to   space 2048K, 0% used [0x0000000799580000,0x0000000799580000,0x0000000799780000)
 ParOldGen       total 87552K, used 1540K [0x0000000740000000, 0x0000000745580000, 0x0000000795580000)
  object space 87552K, 1% used [0x0000000740000000,0x0000000740181010,0x0000000745580000)
 Metaspace       used 17870K, capacity 18000K, committed 18304K, reserved 1064960K
  class space    used 2313K, capacity 2373K, committed 2432K, reserved 1048576K
GC Heap History (10 events):
Event: 1.586 GC heap before
{Heap before GC invocations=1 (full 0):
 PSYoungGen      total 38400K, used 33280K [0x0000000795580000, 0x0000000798000000, 0x00000007c0000000)
  eden space 33280K, 100% used [0x0000000795580000,0x0000000797600000,0x0000000797600000)
  from space 5120K, 0% used [0x0000000797b00000,0x0000000797b00000,0x0000000798000000)
  to   space 5120K, 0% used [0x0000000797600000,0x0000000797600000,0x0000000797b00000)
 ParOldGen       total 87552K, used 0K [0x0000000740000000, 0x0000000745580000, 0x0000000795580000)
  object space 87552K, 0% used [0x0000000740000000,0x0000000740000000,0x0000000745580000)
 Metaspace       used 14856K, capacity 15088K, committed 15232K, reserved 1062912K
  class space    used 2009K, capacity 2085K, committed 2176K, reserved 1048576K
Event: 1.604 GC heap after
Heap after GC invocations=1 (full 0):
 PSYoungGen      total 38400K, used 5116K [0x0000000795580000, 0x000000079a080000, 0x00000007c0000000)
  eden space 33280K, 0% used [0x0000000795580000,0x0000000795580000,0x0000000797600000)
  from space 5120K, 99% used [0x0000000797600000,0x0000000797aff020,0x0000000797b00000)
  to   space 5120K, 0% used [0x0000000799b80000,0x0000000799b80000,0x000000079a080000)
 ParOldGen       total 87552K, used 1502K [0x0000000740000000, 0x0000000745580000, 0x0000000795580000)
  object space 87552K, 1% used [0x0000000740000000,0x0000000740177978,0x0000000745580000)
 Metaspace       used 14856K, capacity 15088K, committed 15232K, reserved 1062912K
  class space    used 2009K, capacity 2085K, committed 2176K, reserved 1048576K
}
Event: 4.703 GC heap before
{Heap before GC invocations=2 (full 0):
 PSYoungGen      total 38400K, used 38396K [0x0000000795580000, 0x000000079a080000, 0x00000007c0000000)
  eden space 33280K, 100% used [0x0000000795580000,0x0000000797600000,0x0000000797600000)
  from space 5120K, 99% used [0x0000000797600000,0x0000000797aff020,0x0000000797b00000)
  to   space 5120K, 0% used [0x0000000799b80000,0x0000000799b80000,0x000000079a080000)
 ParOldGen       total 87552K, used 1502K [0x0000000740000000, 0x0000000745580000, 0x0000000795580000)
  object space 87552K, 1% used [0x0000000740000000,0x0000000740177978,0x0000000745580000)
 Metaspace       used 17634K, capacity 17808K, committed 18048K, reserved 1064960K
  class space    used 2304K, capacity 2373K, committed 2432K, reserved 1048576K
Event: 4.711 GC heap after
Heap after GC invocations=2 (full 0):
 PSYoungGen      total 38400K, used 4983K [0x0000000795580000, 0x000000079a080000, 0x00000007c0000000)
  eden space 33280K, 0% used [0x0000000795580000,0x0000000795580000,0x0000000797600000)
  from space 5120K, 97% used [0x0000000799b80000,0x000000079a05dd68,0x000000079a080000)
  to   space 5120K, 0% used [0x0000000797600000,0x0000000797600000,0x0000000797b00000)
 ParOldGen       total 87552K, used 1516K [0x0000000740000000, 0x0000000745580000, 0x0000000795580000)
  object space 87552K, 1% used [0x0000000740000000,0x000000074017b010,0x0000000745580000)
 Metaspace       used 17634K, capacity 17808K, committed 18048K, reserved 1064960K
  class space    used 2304K, capacity 2373K, committed 2432K, reserved 1048576K
}
Event: 899.240 GC heap before
{Heap before GC invocations=3 (full 0):
 PSYoungGen      total 38400K, used 38263K [0x0000000795580000, 0x000000079a080000, 0x00000007c0000000)
  eden space 33280K, 100% used [0x0000000795580000,0x0000000797600000,0x0000000797600000)
  from space 5120K, 97% used [0x0000000799b80000,0x000000079a05dd68,0x000000079a080000)
  to   space 5120K, 0% used [0x0000000797600000,0x0000000797600000,0x0000000797b00000)
 ParOldGen       total 87552K, used 1516K [0x0000000740000000, 0x0000000745580000, 0x0000000795580000)
  object space 87552K, 1% used [0x0000000740000000,0x000000074017b010,0x0000000745580000)
 Metaspace       used 17800K, capacity 17936K, committed 18048K, reserved 1064960K
  class space    used 2305K, capacity 2373K, committed 2432K, reserved 1048576K
Event: 899.265 GC heap after
Heap after GC invocations=3 (full 0):
 PSYoungGen      total 38400K, used 4182K [0x0000000795580000, 0x0000000799c00000, 0x00000007c0000000)
  eden space 33280K, 0% used [0x0000000795580000,0x0000000795580000,0x0000000797600000)
  from space 5120K, 81% used [0x0000000797600000,0x0000000797a15b70,0x0000000797b00000)
  to   space 5120K, 0% used [0x0000000799700000,0x0000000799700000,0x0000000799c00000)
 ParOldGen       total 87552K, used 1524K [0x0000000740000000, 0x0000000745580000, 0x0000000795580000)
  object space 87552K, 1% used [0x0000000740000000,0x000000074017d010,0x0000000745580000)
 Metaspace       used 17800K, capacity 17936K, committed 18048K, reserved 1064960K
  class space    used 2305K, capacity 2373K, committed 2432K, reserved 1048576K
}
Event: 3631.545 GC heap before
{Heap before GC invocations=4 (full 0):
 PSYoungGen      total 38400K, used 37462K [0x0000000795580000, 0x0000000799c00000, 0x00000007c0000000)
  eden space 33280K, 100% used [0x0000000795580000,0x0000000797600000,0x0000000797600000)
  from space 5120K, 81% used [0x0000000797600000,0x0000000797a15b70,0x0000000797b00000)
  to   space 5120K, 0% used [0x0000000799700000,0x0000000799700000,0x0000000799c00000)
 ParOldGen       total 87552K, used 1524K [0x0000000740000000, 0x0000000745580000, 0x0000000795580000)
  object space 87552K, 1% used [0x0000000740000000,0x000000074017d010,0x0000000745580000)
 Metaspace       used 17807K, capacity 18000K, committed 18304K, reserved 1064960K
  class space    used 2305K, capacity 2373K, committed 2432K, reserved 1048576K
Event: 3631.567 GC heap after
Heap after GC invocations=4 (full 0):
 PSYoungGen      total 37888K, used 4155K [0x0000000795580000, 0x0000000799b80000, 0x00000007c0000000)
  eden space 33280K, 0% used [0x0000000795580000,0x0000000795580000,0x0000000797600000)
  from space 4608K, 90% used [0x0000000799700000,0x0000000799b0edc8,0x0000000799b80000)
  to   space 5120K, 0% used [0x0000000799180000,0x0000000799180000,0x0000000799680000)
 ParOldGen       total 87552K, used 1532K [0x0000000740000000, 0x0000000745580000, 0x0000000795580000)
  object space 87552K, 1% used [0x0000000740000000,0x000000074017f010,0x0000000745580000)
 Metaspace       used 17807K, capacity 18000K, committed 18304K, reserved 1064960K
  class space    used 2305K, capacity 2373K, committed 2432K, reserved 1048576K
}
Event: 5813.928 GC heap before
{Heap before GC invocations=5 (full 0):
 PSYoungGen      total 37888K, used 37435K [0x0000000795580000, 0x0000000799b80000, 0x00000007c0000000)
  eden space 33280K, 100% used [0x0000000795580000,0x0000000797600000,0x0000000797600000)
  from space 4608K, 90% used [0x0000000799700000,0x0000000799b0edc8,0x0000000799b80000)
  to   space 5120K, 0% used [0x0000000799180000,0x0000000799180000,0x0000000799680000)
 ParOldGen       total 87552K, used 1532K [0x0000000740000000, 0x0000000745580000, 0x0000000795580000)
  object space 87552K, 1% used [0x0000000740000000,0x000000074017f010,0x0000000745580000)
 Metaspace       used 17867K, capacity 18000K, committed 18304K, reserved 1064960K
  class space    used 2312K, capacity 2373K, committed 2432K, reserved 1048576K
Event: 5813.951 GC heap after
Heap after GC invocations=5 (full 0):
 PSYoungGen      total 36864K, used 4038K [0x0000000795580000, 0x0000000799780000, 0x00000007c0000000)
  eden space 32768K, 0% used [0x0000000795580000,0x0000000795580000,0x0000000797580000)
  from space 4096K, 98% used [0x0000000799180000,0x0000000799571828,0x0000000799580000)
  to   space 2048K, 0% used [0x0000000799580000,0x0000000799580000,0x0000000799780000)
 ParOldGen       total 87552K, used 1540K [0x0000000740000000, 0x0000000745580000, 0x0000000795580000)
  object space 87552K, 1% used [0x0000000740000000,0x0000000740181010,0x0000000745580000)
 Metaspace       used 17867K, capacity 18000K, committed 18304K, reserved 1064960K
  class space    used 2312K, capacity 2373K, committed 2432K, reserved 1048576K
}

